--
-- Test the DROP FOREIGN TABLE command for cstore_fdw tables.
--
-- Check that files for the automatically managed table exist in the
-- cstore_fdw/{databaseoid} directory.
SELECT count(*) FROM (
	SELECT pg_ls_dir('cstore_fdw/' || databaseoid ) FROM (
	SELECT oid::text databaseoid FROM pg_database WHERE datname = current_database()
	) AS q1) AS q2;
 count 
-------
     2
(1 row)

-- DROP cstore_fdw tables
DROP FOREIGN TABLE contestant;
DROP FOREIGN TABLE contestant_compressed;
-- test drop within schema
CREATE SCHEMA test_schema;
CREATE FOREIGN TABLE test_schema.first_table(a int, b int) SERVER cstore_server;
CREATE FOREIGN TABLE test_schema.second_table(a int, b int) SERVER cstore_server;
DROP FOREIGN TABLE test_schema.first_table;
-- schema drop will be rejected due to existing table
DROP SCHEMA test_schema;
ERROR:  cannot drop schema test_schema because other objects depend on it
DETAIL:  foreign table test_schema.second_table depends on schema test_schema
HINT:  Use DROP ... CASCADE to drop the dependent objects too.
DROP SCHEMA test_schema CASCADE;
NOTICE:  drop cascades to foreign table test_schema.second_table
-- Check that the files have been deleted and the directory is empty after the
-- DROP table command.
SELECT count(*) FROM (
	SELECT pg_ls_dir('cstore_fdw/' || databaseoid ) FROM (
	SELECT oid::text databaseoid FROM pg_database WHERE datname = current_database()
	) AS q1) AS q2;
 count 
-------
     0
(1 row)

